--- a/evosuite-tests/org/quickserver/util/Assertion_ESTest.java
+++ b/evosuite-tests/org/quickserver/util/Assertion_ESTest.java
@@ -15,20 +15,11 @@
 
 @RunWith(EvoRunner.class) @EvoRunnerParameters(mockJVMNonDeterminism = true, useVFS = true, useVNET = true, resetStaticState = true, separateClassLoader = true) 
 public class Assertion_ESTest extends Assertion_ESTest_scaffolding {
+@Test(timeout = 4000, expected = AssertionError.class)
+public void test0() throws Throwable {
+    Assertion.affirm(false, "Ll)I\"Wu");
+}
 
-  @Test(timeout = 4000)
-  public void test0()  throws Throwable  {
-      // Undeclared exception!
-      try { 
-        Assertion.affirm(false, "Ll)I\"Wu");
-        fail("Expecting exception: AssertionError");
-      
-      } catch(AssertionError e) {
-         //
-         // Ll)I\"Wu
-         //
-      }
-  }
 
   @Test(timeout = 4000)
   public void test1()  throws Throwable  {
