--- a/evosuite-tests/org/javathena/core/data/Packet_ESTest.java
+++ b/evosuite-tests/org/javathena/core/data/Packet_ESTest.java
@@ -239,21 +239,12 @@
       packet0.writeByte((byte)17);
       assertEquals(1, packet0.getCurrentIndex());
   }
-
-  @Test(timeout = 4000)
-  public void test22()  throws Throwable  {
-      Packet packet0 = new Packet((byte)0);
-      // Undeclared exception!
-      try { 
-        packet0.writeByte((byte)0);
-        fail("Expecting exception: AssertionError");
-      
-      } catch(AssertionError e) {
-         //
-         // no message in exception (getMessage() returned null)
-         //
-      }
-  }
+@Test(timeout = 4000, expected = AssertionError.class)
+public void test22() throws Throwable {
+    Packet packet0 = new Packet((byte) 0);
+    packet0.writeByte((byte) 0);
+}
+
 
   @Test(timeout = 4000)
   public void test23()  throws Throwable  {
